<?xml version="1.0" encoding="UTF-8"?>
<!-- Generated by org.testng.reporters.JUnitReportReporter -->
<testsuite skipped="0" hostname="wk2407" name="com.purebarre.www.datatests.FreeWeekTests" tests="1" failures="0" timestamp="25 Jul 2017 10:28:40 GMT" time="12.029" errors="0">
  <testcase name="FreeWeekForm" time="12.029" classname="com.purebarre.www.datatests.FreeWeekTests"/>
</testsuite> <!-- com.purebarre.www.datatests.FreeWeekTests -->
