<?xml version="1.0" encoding="UTF-8"?>
<!-- Generated by org.testng.reporters.JUnitReportReporter -->
<testsuite hostname="wk2407" name="com.purebarre.www.datatests.FreeWeekTests" tests="4" failures="0" timestamp="25 Aug 2017 13:01:21 GMT" time="38.216" errors="0">
  <testcase name="FreeWeekForm" time="10.101" classname="com.purebarre.www.datatests.FreeWeekTests"/>
  <testcase name="FreeWeekForm_SelectStudio" time="10.269" classname="com.purebarre.www.datatests.FreeWeekTests"/>
  <testcase name="FreeWeekForm_Submit" time="9.990" classname="com.purebarre.www.datatests.FreeWeekTests"/>
  <testcase name="FreeWeekForm_SelectState" time="7.856" classname="com.purebarre.www.datatests.FreeWeekTests"/>
</testsuite> <!-- com.purebarre.www.datatests.FreeWeekTests -->
