<?xml version="1.0" encoding="UTF-8"?>
<!-- Generated by org.testng.reporters.JUnitReportReporter -->
<testsuite hostname="wk2407" name="com.purebarre.www.datatests.LocationsTests" tests="4" failures="0" timestamp="24 Aug 2017 20:01:49 GMT" time="38.570" errors="0">
  <testcase name="click_MakeItHappen" time="12.111" classname="com.purebarre.www.datatests.LocationsTests"/>
  <testcase name="clickViewStudio" time="9.752" classname="com.purebarre.www.datatests.LocationsTests"/>
  <testcase name="clickDropdown_State" time="8.765" classname="com.purebarre.www.datatests.LocationsTests"/>
  <testcase name="click_MakeThisYourStudio" time="7.942" classname="com.purebarre.www.datatests.LocationsTests"/>
</testsuite> <!-- com.purebarre.www.datatests.LocationsTests -->
