<?xml version="1.0" encoding="UTF-8"?>
<!-- Generated by org.testng.reporters.JUnitReportReporter -->
<testsuite skipped="0" hostname="wk2407" name="com.purebarre.www.dataaction.SignInAction" tests="1" failures="0" timestamp="24 Jul 2017 21:27:27 GMT" time="10.960" errors="0">
  <testcase name="ReadData" time="10.960" classname="com.purebarre.www.dataaction.SignInAction"/>
</testsuite> <!-- com.purebarre.www.dataaction.SignInAction -->
