<?xml version="1.0" encoding="UTF-8"?>
<!-- Generated by org.testng.reporters.JUnitReportReporter -->
<testsuite hostname="wk2407" name="com.purebarre.www.datatests.NavigationTests" tests="34" failures="0" timestamp="15 Aug 2017 12:28:13 GMT" time="475.033" errors="0">
  <testcase name="clickFooterLink_PressImage" time="6.108" classname="com.purebarre.www.datatests.NavigationTests"/>
  <testcase name="clickFooterLink_Careers" time="7.291" classname="com.purebarre.www.datatests.NavigationTests"/>
  <testcase name="clickFooterLink_DownloadForGoogle" time="5.219" classname="com.purebarre.www.datatests.NavigationTests"/>
  <testcase name="clickHeaderLink_NewToPureBarre" time="7.687" classname="com.purebarre.www.datatests.NavigationTests"/>
  <testcase name="clickHeaderLink_Shop" time="8.307" classname="com.purebarre.www.datatests.NavigationTests"/>
  <testcase name="clickHeaderLink_LocationsHeaderLink" time="5.418" classname="com.purebarre.www.datatests.NavigationTests"/>
  <testcase name="clickFooterLink_SubscribeBlog" time="4.359" classname="com.purebarre.www.datatests.NavigationTests"/>
  <testcase name="clickFooterLink_SubscribeBlog_Submit" time="7.385" classname="com.purebarre.www.datatests.NavigationTests"/>
  <testcase name="clickHeaderLink_PureFoundations" time="9.011" classname="com.purebarre.www.datatests.NavigationTests"/>
  <testcase name="clickFooterLink_OrderInformation" time="6.142" classname="com.purebarre.www.datatests.NavigationTests"/>
  <testcase name="clickFooterLink_Pinterest" time="138.912" classname="com.purebarre.www.datatests.NavigationTests"/>
  <testcase name="clickFooterLink_GiftCards" time="5.996" classname="com.purebarre.www.datatests.NavigationTests"/>
  <testcase name="clickFooterLink_ContactUs" time="5.473" classname="com.purebarre.www.datatests.NavigationTests"/>
  <testcase name="clickFooterLink_Team" time="5.719" classname="com.purebarre.www.datatests.NavigationTests"/>
  <testcase name="clickFooterLink_SubscribeNewsletter_Submit" time="4.301" classname="com.purebarre.www.datatests.NavigationTests"/>
  <testcase name="clickFooterLink_SubscribeNewsletter_Text" time="4.528" classname="com.purebarre.www.datatests.NavigationTests"/>
  <testcase name="clickHeaderLink_AboutOurTechnique" time="6.807" classname="com.purebarre.www.datatests.NavigationTests"/>
  <testcase name="clickFooterLink_DownloadForApple" time="4.907" classname="com.purebarre.www.datatests.NavigationTests"/>
  <testcase name="clickHeaderLink_SpecialtyClasses" time="5.979" classname="com.purebarre.www.datatests.NavigationTests"/>
  <testcase name="clickFooterLink_OwnerAndTeachersPortal" time="6.247" classname="com.purebarre.www.datatests.NavigationTests"/>
  <testcase name="clickHeaderLink_OwnAStudio" time="7.526" classname="com.purebarre.www.datatests.NavigationTests"/>
  <testcase name="clickFooterLink_PrivacyPolicy" time="6.308" classname="com.purebarre.www.datatests.NavigationTests"/>
  <testcase name="clickFooterLink_Press" time="7.073" classname="com.purebarre.www.datatests.NavigationTests"/>
  <testcase name="clickFooterLink_Twitter" time="4.593" classname="com.purebarre.www.datatests.NavigationTests"/>
  <testcase name="clickHeaderLink_Blog" time="8.750" classname="com.purebarre.www.datatests.NavigationTests"/>
  <testcase name="clickFooterLink_StreamingContentFAQ" time="5.340" classname="com.purebarre.www.datatests.NavigationTests"/>
  <testcase name="clickFooterLink_ReturnsAndExchanges" time="5.289" classname="com.purebarre.www.datatests.NavigationTests"/>
  <testcase name="clickFooterLink_Facebook" time="4.473" classname="com.purebarre.www.datatests.NavigationTests"/>
  <testcase name="clickFooterLink_StudioOwnersShop" time="7.690" classname="com.purebarre.www.datatests.NavigationTests"/>
  <testcase name="clickFooterLink_Instagram" time="4.761" classname="com.purebarre.www.datatests.NavigationTests"/>
  <testcase name="clickFooterLink_ShippingInformation" time="7.599" classname="com.purebarre.www.datatests.NavigationTests"/>
  <testcase name="clickFooterLink_Linkedin" time="5.280" classname="com.purebarre.www.datatests.NavigationTests"/>
  <testcase name="clickHeaderLink_Story" time="5.795" classname="com.purebarre.www.datatests.NavigationTests"/>
  <testcase name="clickFooterLink_YouTube" time="138.760" classname="com.purebarre.www.datatests.NavigationTests"/>
</testsuite> <!-- com.purebarre.www.datatests.NavigationTests -->
