<?xml version="1.0" encoding="UTF-8"?>
<!-- Generated by org.testng.reporters.JUnitReportReporter -->
<testsuite hostname="wk2407" name="com.purebarre.www.datatests.IndividualLocationsTests" tests="1" failures="0" timestamp="1 Sep 2017 20:21:30 GMT" time="19.755" errors="0">
  <testcase name="clickCalendar_VerifyToday" time="19.755" classname="com.purebarre.www.datatests.IndividualLocationsTests"/>
</testsuite> <!-- com.purebarre.www.datatests.IndividualLocationsTests -->
