<?xml version="1.0" encoding="UTF-8"?>
<!-- Generated by org.testng.reporters.JUnitReportReporter -->
<testsuite hostname="wk2407" name="com.purebarre.www.datatests.HomepageTests" tests="1" failures="0" timestamp="21 Aug 2017 15:58:06 GMT" time="8.476" errors="0">
  <testcase name="click_CarouselPrevious" time="8.476" classname="com.purebarre.www.datatests.HomepageTests"/>
</testsuite> <!-- com.purebarre.www.datatests.HomepageTests -->
